\BOOKMARK [1][-]{section.1}{\376\377\004\036\004\100\004\110\004\070\004\073}{}% 1
\BOOKMARK [1][-]{section.2}{\376\377\004\020\004\101\004\103\004\103\004\064\004\073\004\113\004\075\000\040\004\102\004\076\004\064\004\076\004\100\004\105\004\076\004\071\004\073\004\076\004\073\004\102}{}% 2
\BOOKMARK [1][-]{section.3}{\376\377\000G\000r\000e\000e\000d\000y\000\040\004\060\004\073\004\063\004\076\004\100\004\070\004\102\004\074}{}% 3
\BOOKMARK [2][-]{subsection.3.1}{\376\377\004\020\004\073\004\063\004\076\004\100\004\070\004\102\004\074\004\113\004\075\000\040\004\065\004\100\004\351\004\075\004\105\004\070\004\071\000\040\004\076\004\071\004\073\004\063\004\076\004\073\004\102}{section.3}% 4
\BOOKMARK [2][-]{subsection.3.2}{\376\377\004\020\004\073\004\063\004\076\004\100\004\070\004\102\004\074\004\113\004\075\000\040\004\060\004\066\004\070\004\073\004\073\004\060\004\063\004\060\004\060\004\075\004\113\000\040\004\075\004\060\004\100\004\070\004\071\004\062\004\107\004\070\004\073\004\101\004\060\004\075\000\040\004\102\004\060\004\071\004\073\004\061\004\060\004\100}{section.3}% 5
\BOOKMARK [2][-]{subsection.3.3}{\376\377\004\024\004\060\004\062\004\103\004\103\000\040\004\102\004\060\004\073}{section.3}% 6
\BOOKMARK [2][-]{subsection.3.4}{\376\377\004\041\004\103\004\073\000\040\004\102\004\060\004\073}{section.3}% 7
\BOOKMARK [2][-]{subsection.3.5}{\376\377\000G\000r\000e\000e\000d\000y\000\040\004\060\004\073\004\063\004\076\004\100\004\070\004\102\004\074\004\113\004\075\000\040\004\077\004\101\004\065\004\062\004\064\004\076\004\072\004\076\004\064}{section.3}% 8
\BOOKMARK [2][-]{subsection.3.6}{\376\377\004\045\004\103\004\063\004\060\004\106\004\060\004\060\004\075\004\113\000\040\004\061\004\076\004\073\004\076\004\075\000\040\004\101\004\060\004\075\004\060\004\105\000\040\004\076\004\071\004\075\000\040\004\102\004\351\004\062\004\351\004\063\004\110\004\070\004\073}{section.3}% 9
\BOOKMARK [1][-]{section.4}{\376\377\000D\000y\000n\000a\000m\000i\000c\000\040\000P\000r\000o\000g\000r\000a\000m\000m\000i\000n\000g\000\040\004\060\004\073\004\063\004\076\004\100\004\070\004\102\004\074}{}% 10
\BOOKMARK [2][-]{subsection.4.1}{\376\377\004\020\004\073\004\063\004\076\004\100\004\070\004\102\004\074\004\113\004\075\000\040\004\101\004\060\004\075\004\060\004\060}{section.4}% 11
\BOOKMARK [2][-]{subsection.4.2}{\376\377\000D\000y\000n\000a\000m\000i\000c\000\040\000P\000r\000o\000g\000r\000a\000m\000m\000i\000n\000g\000\040\004\060\004\073\004\063\004\076\004\100\004\070\004\102\004\074}{section.4}% 12
\BOOKMARK [2][-]{subsection.4.3}{\376\377\004\024\004\060\004\062\004\103\004\103\000\040\004\102\004\060\004\073}{section.4}% 13
\BOOKMARK [2][-]{subsection.4.4}{\376\377\004\041\004\103\004\073\000\040\004\102\004\060\004\073}{section.4}% 14
\BOOKMARK [2][-]{subsection.4.5}{\376\377\000D\000P\000\040\004\060\004\073\004\063\004\076\004\100\004\070\004\102\004\074\004\113\004\075\000\040\000p\000s\000e\000u\000d\000o\000c\000o\000d\000e}{section.4}% 15
\BOOKMARK [2][-]{subsection.4.6}{\376\377\004\045\004\103\004\063\004\060\004\106\004\060\004\060\004\075\004\113\000\040\004\061\004\076\004\073\004\076\004\075\000\040\004\101\004\060\004\075\004\060\004\105\000\040\004\076\004\071\004\075\000\040\004\102\004\351\004\062\004\351\004\063\004\110\004\070\004\073}{section.4}% 16
\BOOKMARK [1][-]{section.5}{\376\377\004\045\004\060\004\100\004\114\004\106\004\103\004\103\004\073\004\060\004\073\004\102}{}% 17
\BOOKMARK [2][-]{subsection.5.1}{\376\377\004\024\004\257\004\063\004\075\004\115\004\073\004\102}{section.5}% 18
\BOOKMARK [1][-]{section.6}{\376\377\004\020\004\073\004\114\000\040\004\060\004\073\004\063\004\076\004\100\004\070\004\102\004\074\000\040\004\115\004\075\004\115\000\040\004\064\004\060\004\060\004\073\004\063\004\060\004\062\004\060\004\100\004\102\000\040\004\070\004\073\004\257\004\257\000\040\004\102\004\076\004\105\004\070\004\100\004\076\004\074\004\066\004\102\004\076\004\071\000\040\004\061\004\060\004\071\004\101\004\060\004\075\000\040\004\061\004\115\000?}{}% 19
\BOOKMARK [1][-]{section.7}{\376\377\004\024\004\257\004\063\004\075\004\115\004\073\004\102}{}% 20
